1 83
2 1
3 44
4 105
5 73
6 45
7 6
8 94
9 101
10 63
11 91
12 90
13 124
14 14
15 33
16 115
17 47
18 81
19 9
20 102
21 22
22 24
23 11
24 112
25 116
26 70
27 114
28 128
29 54
30 62
31 34
32 88
33 51
34 98
35 25
36 108
37 2
38 106
39 38
40 7
41 85
42 92
43 72
44 10
45 56
46 20
47 123
48 37
49 36
50 75
51 48
52 78
53 27
54 104
55 109
56 28
57 87
58 66
59 67
60 21
61 30
62 40
63 13
64 95
65 110
66 97
67 61
68 119
69 71
70 52
71 18
72 23
73 120
74 65
75 103
76 19
77 64
78 26
79 76
80 41
81 121
82 86
83 49
84 15
85 125
86 113
87 43
88 39
89 57
90 53
91 50
92 80
93 118
94 3
95 84
96 107
97 74
98 111
99 117
100 96
101 93
102 5
103 29
104 42
105 46
106 35
107 55
108 79
109 100
110 99
111 68
112 8
113 77
114 59
115 122
116 32
117 82
118 127
119 89
120 4
121 126
122 31
123 16
124 12
125 17
126 60
127 58
128 69
