1 320
2 464
3 227
4 352
5 256
6 278
7 469
8 355
9 429
10 327
11 407
12 177
13 71
14 156
15 279
16 343
17 131
18 478
19 11
20 184
21 142
22 368
23 186
24 293
25 426
26 322
27 314
28 105
29 254
30 379
31 400
32 452
33 506
34 125
35 425
36 265
37 176
38 401
39 196
40 417
41 205
42 171
43 471
44 359
45 406
46 364
47 486
48 430
49 97
50 230
51 508
52 67
53 17
54 178
55 85
56 351
57 472
58 250
59 259
60 210
61 4
62 404
63 447
64 333
65 264
66 88
67 149
68 421
69 442
70 244
71 106
72 170
73 283
74 449
75 502
76 292
77 235
78 232
79 112
80 93
81 290
82 56
83 324
84 286
85 115
86 220
87 236
88 2
89 6
90 423
91 175
92 33
93 332
94 495
95 52
96 488
97 59
98 29
99 436
100 493
101 356
102 55
103 258
104 438
105 38
106 483
107 110
108 42
109 397
110 158
111 121
112 291
113 206
114 161
115 100
116 166
117 159
118 500
119 24
120 5
121 338
122 117
123 434
124 340
125 383
126 505
127 109
128 185
129 491
130 152
131 43
132 260
133 492
134 203
135 12
136 433
137 179
138 241
139 317
140 346
141 22
142 213
143 311
144 243
145 195
146 268
147 108
148 133
149 358
150 228
151 484
152 212
153 312
154 132
155 282
156 104
157 239
158 444
159 451
160 90
161 461
162 70
163 353
164 209
165 325
166 476
167 371
168 501
169 494
170 72
171 21
172 369
173 245
174 428
175 249
176 365
177 255
178 165
179 289
180 329
181 253
182 298
183 507
184 272
185 275
186 61
187 169
188 420
189 261
190 270
191 10
192 172
193 148
194 103
195 137
196 489
197 287
198 45
199 86
200 234
201 160
202 281
203 118
204 362
205 240
206 497
207 490
208 498
209 386
210 135
211 380
212 458
213 387
214 328
215 124
216 53
217 188
218 146
219 409
220 219
221 302
222 321
223 474
224 167
225 181
226 138
227 403
228 32
229 509
230 83
231 306
232 153
233 390
234 357
235 335
236 266
237 246
238 238
239 252
240 111
241 207
242 446
243 382
244 330
245 91
246 60
247 313
248 349
249 419
250 273
251 384
252 414
253 372
254 95
255 376
256 271
257 237
258 393
259 126
260 50
261 432
262 460
263 14
264 180
265 399
266 412
267 411
268 499
269 222
270 448
271 30
272 8
273 479
274 297
275 75
276 39
277 225
278 68
279 262
280 437
281 288
282 463
283 342
284 326
285 3
286 424
287 168
288 391
289 164
290 274
291 107
292 154
293 62
294 13
295 20
296 388
297 27
298 35
299 23
300 92
301 187
302 189
303 248
304 367
305 215
306 462
307 341
308 31
309 64
310 217
311 233
312 456
313 129
314 221
315 144
316 294
317 192
318 416
319 457
320 140
321 402
322 422
323 63
324 183
325 218
326 394
327 348
328 263
329 122
330 467
331 80
332 487
333 381
334 26
335 361
336 69
337 54
338 191
339 405
340 102
341 413
342 94
343 336
344 40
345 366
346 473
347 197
348 7
349 242
350 141
351 440
352 74
353 257
354 44
355 157
356 82
357 128
358 113
359 503
360 79
361 350
362 296
363 229
364 174
365 98
366 308
367 395
368 155
369 315
370 202
371 337
372 226
373 57
374 415
375 374
376 459
377 151
378 477
379 392
380 480
381 162
382 305
383 37
384 150
385 307
386 334
387 76
388 143
389 28
390 427
391 468
392 201
393 318
394 504
395 208
396 303
397 116
398 309
399 119
400 347
401 101
402 269
403 377
404 319
405 284
406 15
407 304
408 408
409 224
410 25
411 482
412 182
413 431
414 323
415 300
416 276
417 84
418 204
419 127
420 123
421 299
422 48
423 481
424 470
425 375
426 34
427 41
428 418
429 199
430 360
431 231
432 193
433 89
434 435
435 216
436 251
437 51
438 267
439 280
440 454
441 443
442 47
443 439
444 145
445 46
446 81
447 285
448 99
449 445
450 114
451 16
452 77
453 310
454 200
455 78
456 87
457 247
458 301
459 66
460 363
461 136
462 344
463 211
464 466
465 173
466 130
467 354
468 120
469 19
470 96
471 465
472 450
473 453
474 389
475 510
476 475
477 410
478 339
479 512
480 223
481 370
482 511
483 163
484 496
485 277
486 190
487 345
488 134
489 139
490 9
491 373
492 441
493 295
494 455
495 214
496 316
497 73
498 36
499 198
500 396
501 1
502 385
503 18
504 147
505 58
506 398
507 65
508 194
509 378
510 49
511 485
512 331
