1 210
2 230
3 9
4 51
5 186
6 16
7 108
8 178
9 145
10 153
11 169
12 236
13 55
14 26
15 14
16 174
17 132
18 77
19 85
20 238
21 144
22 105
23 170
24 110
25 192
26 242
27 150
28 146
29 216
30 63
31 68
32 79
33 112
34 199
35 122
36 31
37 30
38 36
39 109
40 78
41 165
42 90
43 180
44 25
45 246
46 176
47 75
48 32
49 12
50 247
51 129
52 202
53 6
54 103
55 62
56 45
57 198
58 70
59 65
60 167
61 67
62 57
63 217
64 243
65 194
66 23
67 191
68 152
69 168
70 256
71 4
72 89
73 221
74 97
75 86
76 155
77 161
78 164
79 245
80 71
81 107
82 189
83 10
84 8
85 171
86 100
87 211
88 92
89 102
90 21
91 208
92 11
93 81
94 96
95 115
96 136
97 22
98 173
99 177
100 252
101 158
102 140
103 207
104 118
105 40
106 149
107 193
108 50
109 166
110 135
111 131
112 120
113 133
114 93
115 56
116 200
117 84
118 41
119 98
120 231
121 121
122 130
123 113
124 123
125 1
126 43
127 201
128 47
129 148
130 134
131 46
132 42
133 241
134 38
135 128
136 87
137 73
138 28
139 94
140 2
141 229
142 233
143 138
144 19
145 175
146 157
147 18
148 33
149 227
150 240
151 5
152 235
153 83
154 82
155 44
156 88
157 37
158 80
159 17
160 76
161 244
162 212
163 209
164 195
165 127
166 99
167 179
168 60
169 139
170 20
171 248
172 162
173 185
174 104
175 15
176 223
177 101
178 24
179 219
180 52
181 58
182 181
183 74
184 215
185 255
186 7
187 183
188 172
189 163
190 29
191 250
192 116
193 214
194 224
195 137
196 59
197 213
198 27
199 66
200 91
201 34
202 61
203 234
204 143
205 141
206 49
207 159
208 160
209 187
210 3
211 106
212 114
213 226
214 220
215 251
216 253
217 232
218 126
219 64
220 218
221 237
222 35
223 196
224 239
225 151
226 206
227 48
228 184
229 188
230 111
231 147
232 72
233 197
234 69
235 203
236 53
237 204
238 205
239 249
240 142
241 95
242 119
243 39
244 225
245 222
246 13
247 117
248 190
249 156
250 124
251 154
252 182
253 125
254 254
255 228
256 54
